<?xml version="1.0" encoding="UTF-8"?>
<!-- Generated by org.testng.reporters.JUnitReportReporter -->
<testsuite skipped="0" hostname="PeopleNTechs-iMac.local" name="title.AmazonHome" tests="1" failures="0" timestamp="10 Mar 2019 21:13:59 GMT" time="10.454" errors="0">
  <testcase name="test1" time="10.454" classname="title.AmazonHome"/>
</testsuite> <!-- title.AmazonHome -->
